<?xml version="1.0" encoding="UTF-8"?>
<!-- Generated by org.testng.reporters.JUnitReportReporter -->
<testsuite hostname="DESKTOP-2RSQUL4" failures="0" tests="3" name="Scripts.Admin.TestAdminAllPostPage" time="10.300" errors="0" timestamp="2022-03-20T12:38:20 GST" skipped="0">
  <testcase classname="Scripts.Admin.TestAdminAllPostPage" name="VerifyEditNewPostInAllPostpageINVALIDATA" time="4.737"/>
  <system-out/>
  <testcase classname="Scripts.Admin.TestAdminAllPostPage" name="VerifyEditNewPostInAllPostpage" time="3.108"/>
  <system-out/>
  <testcase classname="Scripts.Admin.TestAdminAllPostPage" name="VerifyDeletePostInAllPostpage" time="2.455"/>
  <system-out/>
</testsuite> <!-- Scripts.Admin.TestAdminAllPostPage -->
