<?xml version="1.0" encoding="UTF-8"?>
<!-- Generated by org.testng.reporters.JUnitReportReporter -->
<testsuite hostname="DESKTOP-2RSQUL4" failures="0" tests="4" name="Scripts.Admin.AddRemoveCategory" time="10.450" errors="0" timestamp="2022-03-20T12:38:20 GST" skipped="0">
  <testcase classname="Scripts.Admin.AddRemoveCategory" name="AddCategoryValidData" time="7.955"/>
  <system-out/>
  <testcase classname="Scripts.Admin.AddRemoveCategory" name="AddCategoryInVaildData" time="0.962"/>
  <system-out/>
  <testcase classname="Scripts.Admin.AddRemoveCategory" name="AddCategoryAlreadyExists" time="1.182"/>
  <system-out/>
  <testcase classname="Scripts.Admin.AddRemoveCategory" name="RemoveCategory" time="0.351"/>
  <system-out/>
</testsuite> <!-- Scripts.Admin.AddRemoveCategory -->
