<?xml version="1.0" encoding="UTF-8"?>
<!-- Generated by org.testng.reporters.JUnitReportReporter -->
<testsuite hostname="DESKTOP-2RSQUL4" failures="0" tests="6" name="Scripts.Admin.TestAdminAddNewPost" time="20.685" errors="0" timestamp="2022-03-20T12:38:20 GST" skipped="0">
  <testcase classname="Scripts.Admin.TestAdminAddNewPost" name="VerifyAddnewPostWithBlanKdATA" time="3.165"/>
  <system-out/>
  <testcase classname="Scripts.Admin.TestAdminAddNewPost" name="VerifyAddnewPost" time="2.219"/>
  <system-out/>
  <testcase classname="Scripts.Admin.TestAdminAddNewPost" name="VerifyEditNewPostInHomepageInvalidData" time="4.762"/>
  <system-out/>
  <testcase classname="Scripts.Admin.TestAdminAddNewPost" name="VerifyEditNewPostInHomepage" time="8.267"/>
  <system-out/>
  <testcase classname="Scripts.Admin.TestAdminAddNewPost" name="VerifyDeletePostInHomepage" time="2.158"/>
  <system-out/>
  <testcase classname="Scripts.Admin.TestAdminAddNewPost" name="VerifyTotalElements" time="0.114"/>
  <system-out/>
</testsuite> <!-- Scripts.Admin.TestAdminAddNewPost -->
