<?xml version="1.0" encoding="UTF-8"?>
<!-- Generated by org.testng.reporters.JUnitReportReporter -->
<testsuite hostname="DESKTOP-2RSQUL4" failures="0" tests="3" name="Scripts.Admin.TestAdminMyPostPage" time="12.754" errors="0" timestamp="2022-03-20T12:38:20 GST" skipped="0">
  <testcase classname="Scripts.Admin.TestAdminMyPostPage" name="VerifyEditNewPostInMyPostpage" time="6.093"/>
  <system-out/>
  <testcase classname="Scripts.Admin.TestAdminMyPostPage" name="VerifyEditNewPostInMyPostpageINVALIDATA" time="5.386"/>
  <system-out/>
  <testcase classname="Scripts.Admin.TestAdminMyPostPage" name="VerifyDeletePostInMyPostpage" time="1.275"/>
  <system-out/>
</testsuite> <!-- Scripts.Admin.TestAdminMyPostPage -->
