<?xml version="1.0" encoding="UTF-8"?>
<!-- Generated by org.testng.reporters.JUnitReportReporter -->
<testsuite hostname="DESKTOP-2RSQUL4" failures="0" tests="3" name="Scripts.Admin.TestPostApprovalAndReject" time="20.378" errors="0" timestamp="2022-03-20T12:38:20 GST" skipped="0">
  <testcase classname="Scripts.Admin.TestPostApprovalAndReject" name="VerifyLoginAsUser" time="1.734"/>
  <system-out/>
  <testcase classname="Scripts.Admin.TestPostApprovalAndReject" name="VerifyPostApproval" time="13.660"/>
  <system-out/>
  <testcase classname="Scripts.Admin.TestPostApprovalAndReject" name="VerifyPostReject" time="4.984"/>
  <system-out/>
</testsuite> <!-- Scripts.Admin.TestPostApprovalAndReject -->
