<?xml version="1.0" encoding="UTF-8"?>
<!-- Generated by org.testng.reporters.JUnitReportReporter -->
<testsuite hostname="DESKTOP-2RSQUL4" failures="0" tests="6" name="Scripts.Admin.TestAdminLogin" time="10.525" errors="0" timestamp="2022-03-20T12:38:20 GST" skipped="0">
  <testcase classname="Scripts.Admin.TestAdminLogin" name="VerifyInvalidUsernamePassword" time="4.920"/>
  <system-out/>
  <testcase classname="Scripts.Admin.TestAdminLogin" name="VerifyInvalidUsernameValidPassword" time="1.824"/>
  <system-out/>
  <testcase classname="Scripts.Admin.TestAdminLogin" name="VerifyValidUsernameInvalidPassword" time="1.410"/>
  <system-out/>
  <testcase classname="Scripts.Admin.TestAdminLogin" name="VerifyBlankUsernamePassword" time="0.582"/>
  <system-out/>
  <testcase classname="Scripts.Admin.TestAdminLogin" name="VerifyLoginAsAdmin" time="1.624"/>
  <system-out/>
  <testcase classname="Scripts.Admin.TestAdminLogin" name="VerifyTotalElementsLoginPage" time="0.165"/>
  <system-out/>
</testsuite> <!-- Scripts.Admin.TestAdminLogin -->
